<?xml version="1.0" encoding="UTF-8"?>
<!-- Generated by org.testng.reporters.JUnitReportReporter -->
<testsuite skipped="0" hostname="IN-Sandeep" name="TestNGPackage1.Test1" tests="1" failures="0" timestamp="08 Jul 2017 11:53:35 GMT" time="24.053" errors="0">
  <testcase name="openApp" time="24.053" classname="TestNGPackage1.Test1"/>
</testsuite> <!-- TestNGPackage1.Test1 -->
